[2024-10-17 17:01:24] [INFO] Client socket created
[2024-10-17 17:01:24] [INFO] Connected to server
[2024-10-17 17:01:26] [INFO] Client login/register request sent
[2024-10-17 17:01:31] [DEBUG] Message sent: REGISTER:ger:vg
[2024-10-17 17:01:34] [DEBUG] Message sent: jhh
[2024-10-17 17:01:37] [DEBUG] Message sent: kuooo
[2024-10-17 17:05:33] [INFO] Client socket created
[2024-10-17 17:05:33] [INFO] Connected to server
[2024-10-17 17:05:44] [INFO] Client login/register request sent
[2024-10-17 17:05:48] [DEBUG] Message sent: LOGIN:ger:vg
[2024-10-17 17:05:52] [DEBUG] Message sent: khh
[2024-10-17 17:06:05] [INFO] Client socket created
[2024-10-17 17:06:05] [INFO] Connected to server
[2024-10-17 17:06:11] [INFO] Client login/register request sent
[2024-10-17 17:06:16] [DEBUG] Message sent: REGISTER:awd:ij
[2024-10-17 17:06:20] [DEBUG] Message sent: khoooorr
[2024-10-17 17:06:40] [WARN] Connection closed or error
[2024-10-17 17:06:40] [WARN] Connection closed or error
[2024-10-17 17:13:21] [DEBUG] Message sent: nkk
[2024-10-17 17:13:21] [DEBUG] Message sent: qnn
[2024-10-17 17:13:21] [DEBUG] Message sent: tqq
[2024-10-17 17:13:21] [DEBUG] Message sent: wtt
[2024-10-17 17:13:21] [DEBUG] Message sent: zww
[2024-10-17 17:13:21] [DEBUG] Message sent: czz
[2024-10-17 17:13:21] [DEBUG] Message sent: fcc
[2024-10-17 17:13:21] [DEBUG] Message sent: iff
[2024-10-17 17:13:21] [DEBUG] Message sent: lii
[2024-10-17 17:13:21] [DEBUG] Message sent: oll
[2024-10-17 17:13:21] [DEBUG] Message sent: roo
[2024-10-17 17:13:21] [DEBUG] Message sent: urr
[2024-10-17 17:13:21] [DEBUG] Message sent: xuu
[2024-10-17 17:13:21] [DEBUG] Message sent: axx
[2024-10-17 17:13:21] [DEBUG] Message sent: daa
[2024-10-17 17:13:21] [DEBUG] Message sent: gdd
[2024-10-17 17:13:21] [DEBUG] Message sent: jgg
[2024-10-17 17:13:21] [DEBUG] Message sent: mjj
[2024-10-17 17:13:21] [DEBUG] Message sent: pmm
[2024-10-17 17:13:21] [DEBUG] Message sent: spp
[2024-10-17 17:13:21] [DEBUG] Message sent: vss
[2024-10-17 17:13:21] [DEBUG] Message sent: yvv
[2024-10-17 17:13:21] [DEBUG] Message sent: byy
[2024-10-17 17:13:21] [DEBUG] Message sent: ebb
[2024-10-17 17:13:21] [DEBUG] Message sent: hee
[2024-10-17 17:13:21] [DEBUG] Message sent: khh
[2024-10-17 17:13:21] [DEBUG] Message sent: nkk
[2024-10-17 17:13:21] [DEBUG] Message sent: qnn
[2024-10-17 17:13:21] [DEBUG] Message sent: tqq
[2024-10-17 17:13:21] [DEBUG] Message sent: wtt
[2024-10-17 17:13:21] [DEBUG] Message sent: zww
[2024-10-17 17:13:21] [DEBUG] Message sent: czz
[2024-10-17 17:13:21] [DEBUG] Message sent: fcc
[2024-10-17 17:13:21] [DEBUG] Message sent: iff
[2024-10-17 17:13:21] [DEBUG] Message sent: lii
[2024-10-17 17:13:21] [DEBUG] Message sent: oll
[2024-10-17 17:13:21] [DEBUG] Message sent: roo
[2024-10-17 17:13:21] [DEBUG] Message sent: urr
[2024-10-17 17:13:21] [DEBUG] Message sent: xuu
[2024-10-17 17:13:21] [DEBUG] Message sent: axx
[2024-10-17 17:13:21] [DEBUG] Message sent: daa
[2024-10-17 17:13:21] [DEBUG] Message sent: gdd
[2024-10-17 17:13:21] [DEBUG] Message sent: jgg
[2024-10-17 17:13:21] [DEBUG] Message sent: mjj
[2024-10-17 17:13:21] [DEBUG] Message sent: pmm
[2024-10-17 17:13:21] [DEBUG] Message sent: spp
[2024-10-17 17:13:21] [DEBUG] Message sent: vss
[2024-10-17 17:13:21] [DEBUG] Message sent: yvv
[2024-10-17 17:13:21] [DEBUG] Message sent: byy
[2024-10-17 17:13:21] [DEBUG] Message sent: ebb
[2024-10-17 17:13:21] [DEBUG] Message sent: hee
[2024-10-17 17:13:21] [DEBUG] Message sent: khh
[2024-10-17 17:13:21] [DEBUG] Message sent: nkk
[2024-10-17 17:13:21] [DEBUG] Message sent: qnn
[2024-10-17 17:13:21] [DEBUG] Message sent: tqq
[2024-10-17 17:13:21] [DEBUG] Message sent: wtt
[2024-10-17 17:13:21] [DEBUG] Message sent: zww
[2024-10-17 17:13:21] [DEBUG] Message sent: czz
[2024-10-17 17:13:21] [DEBUG] Message sent: fcc
[2024-10-17 17:13:21] [DEBUG] Message sent: iff
[2024-10-17 17:13:21] [DEBUG] Message sent: lii
[2024-10-17 17:13:21] [DEBUG] Message sent: oll
[2024-10-17 17:13:21] [DEBUG] Message sent: roo
[2024-10-17 17:13:21] [DEBUG] Message sent: urr
[2024-10-17 17:13:21] [DEBUG] Message sent: xuu
[2024-10-17 17:13:21] [DEBUG] Message sent: axx
[2024-10-17 17:13:21] [DEBUG] Message sent: daa
[2024-10-17 17:13:21] [DEBUG] Message sent: gdd
[2024-10-17 17:13:21] [DEBUG] Message sent: jgg
[2024-10-17 17:13:21] [DEBUG] Message sent: mjj
[2024-10-17 17:13:21] [DEBUG] Message sent: pmm
[2024-10-17 17:13:21] [DEBUG] Message sent: spp
[2024-10-17 17:13:21] [DEBUG] Message sent: vss
[2024-10-17 17:13:21] [DEBUG] Message sent: yvv
[2024-10-17 17:13:21] [DEBUG] Message sent: byy
[2024-10-17 17:13:21] [DEBUG] Message sent: ebb
[2024-10-17 17:13:21] [DEBUG] Message sent: hee
[2024-10-17 17:13:21] [DEBUG] Message sent: khh
[2024-10-17 17:13:21] [DEBUG] Message sent: nkk
[2024-10-17 17:13:21] [DEBUG] Message sent: qnn
[2024-10-17 17:13:21] [DEBUG] Message sent: tqq
[2024-10-17 17:13:21] [DEBUG] Message sent: wtt
[2024-10-17 17:13:21] [DEBUG] Message sent: zww
[2024-10-17 17:13:21] [DEBUG] Message sent: czz
[2024-10-17 17:13:21] [DEBUG] Message sent: fcc
[2024-10-17 17:13:21] [DEBUG] Message sent: iff
[2024-10-17 17:13:21] [DEBUG] Message sent: lii
[2024-10-17 17:13:21] [DEBUG] Message sent: oll
[2024-10-17 17:13:21] [DEBUG] Message sent: roo
[2024-10-17 17:13:21] [DEBUG] Message sent: urr
[2024-10-17 17:13:21] [DEBUG] Message sent: xuu
[2024-10-17 17:13:21] [DEBUG] Message sent: axx
[2024-10-17 17:13:21] [DEBUG] Message sent: daa
[2024-10-17 17:13:21] [DEBUG] Message sent: gdd
[2024-10-17 17:13:21] [DEBUG] Message sent: jgg
[2024-10-17 17:13:21] [DEBUG] Message sent: mjj
[2024-10-17 17:13:21] [DEBUG] Message sent: pmm
[2024-10-17 17:13:21] [DEBUG] Message sent: spp
[2024-10-17 17:13:21] [DEBUG] Message sent: vss
[2024-10-17 17:13:21] [DEBUG] Message sent: yvv
[2024-10-17 17:13:21] [DEBUG] Message sent: byy
[2024-10-17 17:13:21] [DEBUG] Message sent: ebb
[2024-10-17 17:13:21] [DEBUG] Message sent: hee
[2024-10-17 17:13:21] [DEBUG] Message sent: khh
[2024-10-17 17:13:21] [DEBUG] Message sent: nkk
[2024-10-17 17:13:21] [DEBUG] Message sent: qnn
[2024-10-17 17:13:21] [DEBUG] Message sent: tqq
[2024-10-17 17:13:21] [DEBUG] Message sent: wtt
[2024-10-17 17:13:21] [DEBUG] Message sent: zww
[2024-10-17 17:13:21] [DEBUG] Message sent: czz
[2024-10-17 17:13:21] [DEBUG] Message sent: fcc
[2024-10-17 17:13:21] [DEBUG] Message sent: iff
[2024-10-17 17:13:21] [DEBUG] Message sent: lii
[2024-10-17 17:13:21] [DEBUG] Message sent: oll
[2024-10-17 17:13:21] [DEBUG] Message sent: roo
[2024-10-17 17:13:21] [DEBUG] Message sent: urr
[2024-10-17 17:13:21] [DEBUG] Message sent: xuu
[2024-10-17 17:13:21] [DEBUG] Message sent: axx
[2024-10-17 17:13:21] [DEBUG] Message sent: daa
[2024-10-17 17:13:21] [DEBUG] Message sent: gdd
[2024-10-17 17:13:21] [DEBUG] Message sent: jgg
[2024-10-17 17:13:21] [DEBUG] Message sent: mjj
[2024-10-17 17:13:21] [DEBUG] Message sent: pmm
[2024-10-17 17:13:21] [DEBUG] Message sent: spp
[2024-10-17 17:13:21] [DEBUG] Message sent: vss
[2024-10-17 17:13:21] [DEBUG] Message sent: yvv
[2024-10-17 17:13:21] [DEBUG] Message sent: byy
[2024-10-17 17:13:21] [DEBUG] Message sent: ebb
[2024-10-17 17:13:21] [DEBUG] Message sent: hee
[2024-10-17 17:13:21] [DEBUG] Message sent: khh
[2024-10-17 17:13:21] [DEBUG] Message sent: nkk
[2024-10-17 17:13:21] [DEBUG] Message sent: qnn
[2024-10-17 17:13:21] [DEBUG] Message sent: tqq
[2024-10-17 17:13:21] [DEBUG] Message sent: wtt
[2024-10-17 17:13:21] [DEBUG] Message sent: zww
[2024-10-17 17:13:21] [DEBUG] Message sent: czz
[2024-10-17 17:13:21] [DEBUG] Message sent: fcc
[2024-10-17 17:13:21] [DEBUG] Message sent: iff
[2024-10-17 17:13:21] [DEBUG] Message sent: lii
[2024-10-17 17:13:21] [DEBUG] Message sent: oll
[2024-10-17 17:13:21] [DEBUG] Message sent: roo
[2024-10-17 17:13:21] [DEBUG] Message sent: urr
[2024-10-17 17:13:21] [DEBUG] Message sent: xuu
[2024-10-17 17:13:21] [DEBUG] Message sent: axx
[2024-10-17 17:13:21] [DEBUG] Message sent: daa
[2024-10-17 17:13:21] [DEBUG] Message sent: gdd
[2024-10-17 17:13:21] [DEBUG] Message sent: jgg
[2024-10-17 17:13:21] [DEBUG] Message sent: mjj
[2024-10-17 17:13:21] [DEBUG] Message sent: pmm
[2024-10-17 17:13:21] [DEBUG] Message sent: spp
[2024-10-17 17:13:21] [DEBUG] Message sent: vss
[2024-10-17 17:13:21] [DEBUG] Message sent: yvv
[2024-10-17 17:13:21] [DEBUG] Message sent: byy
[2024-10-17 17:13:21] [DEBUG] Message sent: ebb
[2024-10-17 17:13:21] [DEBUG] Message sent: hee
[2024-10-17 17:13:21] [DEBUG] Message sent: khh
[2024-10-17 17:13:21] [DEBUG] Message sent: nkk
[2024-10-17 17:13:21] [DEBUG] Message sent: qnn
[2024-10-17 17:13:21] [DEBUG] Message sent: tqq
[2024-10-17 17:13:21] [DEBUG] Message sent: wtt
[2024-10-17 17:13:21] [DEBUG] Message sent: zww
[2024-10-17 17:13:21] [DEBUG] Message sent: czz
[2024-10-17 17:13:21] [DEBUG] Message sent: fcc
[2024-10-17 17:13:21] [DEBUG] Message sent: iff
[2024-10-17 17:13:21] [DEBUG] Message sent: lii
[2024-10-17 17:13:21] [DEBUG] Message sent: oll
[2024-10-17 17:13:21] [DEBUG] Message sent: roo
[2024-10-17 17:13:21] [DEBUG] Message sent: urr
[2024-10-17 17:13:21] [DEBUG] Message sent: xuu
[2024-10-17 17:13:21] [DEBUG] Message sent: axx
[2024-10-17 17:13:21] [DEBUG] Message sent: daa
[2024-10-17 17:13:21] [DEBUG] Message sent: gdd
[2024-10-17 17:13:21] [DEBUG] Message sent: jgg
[2024-10-17 17:13:21] [DEBUG] Message sent: mjj
[2024-10-17 17:13:21] [DEBUG] Message sent: pmm
[2024-10-17 17:13:21] [DEBUG] Message sent: spp
[2024-10-17 17:13:21] [DEBUG] Message sent: vss
[2024-10-17 17:13:21] [DEBUG] Message sent: yvv
[2024-10-17 17:13:21] [DEBUG] Message sent: byy
[2024-10-17 17:13:21] [DEBUG] Message sent: ebb
[2024-10-17 17:13:21] [DEBUG] Message sent: hee
[2024-10-17 17:13:21] [DEBUG] Message sent: khh
[2024-10-17 17:13:21] [DEBUG] Message sent: nkk
[2024-10-17 17:13:21] [DEBUG] Message sent: qnn
[2024-10-17 17:13:21] [DEBUG] Message sent: tqq
[2024-10-17 17:13:21] [DEBUG] Message sent: wtt
[2024-10-17 17:13:21] [DEBUG] Message sent: zww
[2024-10-17 17:13:21] [DEBUG] Message sent: czz
[2024-10-17 17:13:21] [DEBUG] Message sent: fcc
[2024-10-17 17:13:21] [DEBUG] Message sent: iff
[2024-10-17 17:13:21] [DEBUG] Message sent: lii
[2024-10-17 17:13:21] [DEBUG] Message sent: oll
[2024-10-17 17:13:21] [DEBUG] Message sent: roo
[2024-10-17 17:13:21] [DEBUG] Message sent: urr
[2024-10-17 17:13:21] [DEBUG] Message sent: xuu
[2024-10-17 17:13:21] [DEBUG] Message sent: axx
[2024-10-17 17:13:21] [DEBUG] Message sent: daa
[2024-10-17 17:13:21] [DEBUG] Message sent: gdd
[2024-10-17 17:13:21] [DEBUG] Message sent: jgg
[2024-10-17 17:13:21] [DEBUG] Message sent: mjj
[2024-10-17 17:13:21] [DEBUG] Message sent: pmm
[2024-10-17 17:13:21] [DEBUG] Message sent: spp
[2024-10-17 17:13:21] [DEBUG] Message sent: vss
[2024-10-17 17:13:21] [DEBUG] Message sent: yvv
[2024-10-17 17:13:21] [DEBUG] Message sent: byy
[2024-10-17 17:13:21] [DEBUG] Message sent: ebb
[2024-10-17 17:13:21] [DEBUG] Message sent: hee
[2024-10-17 17:13:21] [DEBUG] Message sent: khh
[2024-10-17 17:13:21] [DEBUG] Message sent: nkk
[2024-10-17 17:13:21] [DEBUG] Message sent: qnn
[2024-10-17 17:13:21] [DEBUG] Message sent: tqq
[2024-10-17 17:13:21] [DEBUG] Message sent: wtt
[2024-10-17 17:13:21] [DEBUG] Message sent: zww
[2024-10-17 17:13:21] [DEBUG] Message sent: czz
[2024-10-17 17:13:21] [DEBUG] Message sent: fcc
[2024-10-17 17:13:21] [DEBUG] Message sent: iff
[2024-10-17 17:13:21] [DEBUG] Message sent: lii
[2024-10-17 17:13:21] [DEBUG] Message sent: oll
[2024-10-17 17:13:21] [DEBUG] Message sent: roo
[2024-10-17 17:13:21] [DEBUG] Message sent: urr
[2024-10-17 17:13:21] [DEBUG] Message sent: xuu
[2024-10-17 17:13:21] [DEBUG] Message sent: axx
[2024-10-17 17:13:21] [DEBUG] Message sent: daa
[2024-10-17 17:13:21] [DEBUG] Message sent: gdd
[2024-10-17 17:13:21] [DEBUG] Message sent: jgg
[2024-10-17 17:13:21] [DEBUG] Message sent: mjj
[2024-10-17 17:13:21] [DEBUG] Message sent: pmm
[2024-10-17 17:13:21] [DEBUG] Message sent: spp
[2024-10-17 17:13:21] [DEBUG] Message sent: vss
[2024-10-17 17:13:21] [DEBUG] Message sent: yvv
[2024-10-17 17:13:21] [DEBUG] Message sent: byy
[2024-10-17 17:13:21] [DEBUG] Message sent: ebb
[2024-10-17 17:13:21] [DEBUG] Message sent: hee
[2024-10-17 17:13:21] [DEBUG] Message sent: khh
[2024-10-17 17:13:21] [DEBUG] Message sent: nkk
[2024-10-17 17:13:21] [DEBUG] Message sent: qnn
[2024-10-17 17:13:21] [DEBUG] Message sent: tqq
[2024-10-17 17:13:21] [DEBUG] Message sent: wtt
[2024-10-17 17:13:21] [DEBUG] Message sent: zww
[2024-10-17 17:13:21] [DEBUG] Message sent: czz
[2024-10-17 17:13:21] [DEBUG] Message sent: fcc
[2024-10-17 17:13:21] [DEBUG] Message sent: iff
[2024-10-17 17:13:21] [DEBUG] Message sent: lii
[2024-10-17 17:13:21] [DEBUG] Message sent: oll
[2024-10-17 17:13:21] [DEBUG] Message sent: roo
[2024-10-17 17:13:21] [DEBUG] Message sent: urr
[2024-10-17 17:13:21] [DEBUG] Message sent: xuu
[2024-10-17 17:13:21] [DEBUG] Message sent: axx
[2024-10-17 17:13:21] [DEBUG] Message sent: daa
[2024-10-17 17:13:21] [DEBUG] Message sent: gdd
[2024-10-17 17:13:21] [DEBUG] Message sent: jgg
[2024-10-17 17:13:21] [DEBUG] Message sent: mjj
[2024-10-17 17:13:21] [DEBUG] Message sent: pmm
[2024-10-17 17:13:21] [DEBUG] Message sent: spp
[2024-10-17 17:13:21] [DEBUG] Message sent: vss
[2024-10-17 17:13:21] [DEBUG] Message sent: yvv
[2024-10-17 17:13:21] [DEBUG] Message sent: byy
[2024-10-17 17:13:21] [DEBUG] Message sent: ebb
[2024-10-17 17:13:21] [DEBUG] Message sent: hee
[2024-10-17 17:13:21] [DEBUG] Message sent: khh
[2024-10-17 17:13:21] [DEBUG] Message sent: nkk
[2024-10-17 17:13:21] [DEBUG] Message sent: qnn
[2024-10-17 17:13:21] [DEBUG] Message sent: tqq
[2024-10-17 17:13:21] [DEBUG] Message sent: wtt
[2024-10-17 17:13:21] [DEBUG] Message sent: zww
[2024-10-17 17:13:21] [DEBUG] Message sent: czz
[2024-10-17 17:13:21] [DEBUG] Message sent: fcc
[2024-10-17 17:13:21] [DEBUG] Message sent: iff
[2024-10-17 17:13:21] [DEBUG] Message sent: lii
[2024-10-17 17:13:21] [DEBUG] Message sent: oll
[2024-10-17 17:13:21] [DEBUG] Message sent: roo
[2024-10-17 17:13:21] [DEBUG] Message sent: urr
[2024-10-17 17:13:21] [DEBUG] Message sent: xuu
[2024-10-17 17:13:21] [DEBUG] Message sent: axx
[2024-10-17 17:13:21] [DEBUG] Message sent: daa
[2024-10-17 17:13:21] [DEBUG] Message sent: gdd
[2024-10-17 17:13:21] [DEBUG] Message sent: jgg
[2024-10-17 17:13:21] [DEBUG] Message sent: mjj
[2024-10-17 17:13:21] [DEBUG] Message sent: pmm
[2024-10-17 17:13:21] [DEBUG] Message sent: spp
[2024-10-17 17:13:21] [DEBUG] Message sent: vss
[2024-10-17 17:13:21] [DEBUG] Message sent: yvv
[2024-10-17 17:13:21] [DEBUG] Message sent: byy
[2024-10-17 17:13:21] [DEBUG] Message sent: ebb
[2024-10-17 17:13:21] [DEBUG] Message sent: hee
[2024-10-17 17:13:21] [DEBUG] Message sent: khh
[2024-10-17 17:13:21] [DEBUG] Message sent: nkk
[2024-10-17 17:13:21] [DEBUG] Message sent: qnn
[2024-10-17 17:13:21] [DEBUG] Message sent: tqq
[2024-10-17 17:13:21] [DEBUG] Message sent: wtt
[2024-10-17 17:13:21] [DEBUG] Message sent: zww
[2024-10-17 17:13:21] [DEBUG] Message sent: czz
[2024-10-17 17:13:21] [DEBUG] Message sent: fcc
[2024-10-17 17:13:21] [DEBUG] Message sent: iff
[2024-10-17 17:13:21] [DEBUG] Message sent: lii
[2024-10-17 17:13:21] [DEBUG] Message sent: oll
[2024-10-17 17:13:21] [DEBUG] Message sent: roo
[2024-10-17 17:13:21] [DEBUG] Message sent: urr
[2024-10-17 17:13:21] [DEBUG] Message sent: xuu
[2024-10-17 17:13:21] [DEBUG] Message sent: axx
[2024-10-17 17:13:21] [DEBUG] Message sent: daa
[2024-10-17 17:13:21] [DEBUG] Message sent: gdd
[2024-10-17 17:13:21] [DEBUG] Message sent: jgg
[2024-10-17 17:13:21] [DEBUG] Message sent: mjj
[2024-10-17 17:13:21] [DEBUG] Message sent: pmm
[2024-10-17 17:13:21] [DEBUG] Message sent: spp
[2024-10-17 17:13:21] [DEBUG] Message sent: vss
[2024-10-17 17:13:21] [DEBUG] Message sent: yvv
[2024-10-17 17:13:21] [DEBUG] Message sent: byy
[2024-10-17 17:13:21] [DEBUG] Message sent: ebb
[2024-10-17 17:13:21] [DEBUG] Message sent: hee
[2024-10-17 17:13:21] [DEBUG] Message sent: khh
[2024-10-17 17:13:21] [DEBUG] Message sent: nkk
[2024-10-17 17:13:21] [DEBUG] Message sent: qnn
[2024-10-17 17:13:21] [DEBUG] Message sent: tqq
[2024-10-17 17:13:21] [DEBUG] Message sent: wtt
[2024-10-17 17:13:21] [DEBUG] Message sent: zww
[2024-10-17 17:13:21] [DEBUG] Message sent: czz
[2024-10-17 17:13:21] [DEBUG] Message sent: fcc
[2024-10-17 17:13:21] [DEBUG] Message sent: iff
[2024-10-17 17:13:21] [DEBUG] Message sent: lii
[2024-10-17 17:13:21] [DEBUG] Message sent: oll
[2024-10-17 17:13:21] [DEBUG] Message sent: roo
[2024-10-17 17:13:21] [DEBUG] Message sent: urr
[2024-10-17 17:13:21] [DEBUG] Message sent: xuu
[2024-10-17 17:13:21] [DEBUG] Message sent: axx
[2024-10-17 17:13:21] [DEBUG] Message sent: daa
[2024-10-17 17:13:21] [DEBUG] Message sent: gdd
[2024-10-17 17:13:21] [DEBUG] Message sent: jgg
[2024-10-17 17:13:21] [DEBUG] Message sent: mjj
[2024-10-17 17:13:21] [DEBUG] Message sent: pmm
[2024-10-17 17:13:21] [DEBUG] Message sent: spp
[2024-10-17 17:13:21] [DEBUG] Message sent: vss
[2024-10-17 17:13:21] [DEBUG] Message sent: yvv
[2024-10-17 17:13:21] [DEBUG] Message sent: byy
[2024-10-17 17:13:21] [DEBUG] Message sent: ebb
[2024-10-17 17:13:21] [DEBUG] Message sent: hee
[2024-10-17 17:13:21] [DEBUG] Message sent: khh
[2024-10-17 17:13:21] [DEBUG] Message sent: nkk
[2024-10-17 17:13:21] [DEBUG] Message sent: qnn
[2024-10-17 17:13:21] [DEBUG] Message sent: tqq
[2024-10-17 17:13:21] [DEBUG] Message sent: wtt
[2024-10-17 17:13:21] [DEBUG] Message sent: zww
[2024-10-17 17:13:21] [DEBUG] Message sent: nkrrrruu
[2024-10-18 06:07:53] [INFO] Client socket created
[2024-10-18 06:07:53] [INFO] Connected to server
[2024-10-18 06:07:59] [INFO] Client login/register request sent
[2024-10-18 06:08:06] [DEBUG] Message sent: REGISTER:ji:mlr
[2024-10-18 06:08:11] [DEBUG] Message sent: giju
[2024-10-18 06:08:15] [DEBUG] Message sent: dvv
[2024-10-18 06:20:15] [DEBUG] Message sent: gyy
[2024-10-18 06:20:15] [DEBUG] Message sent: jbb
[2024-10-18 06:20:15] [DEBUG] Message sent: mee
[2024-10-18 06:20:15] [DEBUG] Message sent: phh
[2024-10-18 06:20:15] [DEBUG] Message sent: skk
[2024-10-18 06:20:15] [DEBUG] Message sent: vnn
[2024-10-18 06:20:15] [DEBUG] Message sent: yqq
[2024-10-18 06:20:15] [DEBUG] Message sent: btt
[2024-10-18 06:20:15] [DEBUG] Message sent: eww
[2024-10-18 06:20:15] [DEBUG] Message sent: hzz
[2024-10-18 06:20:15] [DEBUG] Message sent: kcc
[2024-10-18 06:20:15] [DEBUG] Message sent: nff
[2024-10-18 06:20:15] [DEBUG] Message sent: qii
[2024-10-18 06:20:15] [DEBUG] Message sent: tll
[2024-10-18 06:20:15] [DEBUG] Message sent: woo
[2024-10-18 06:20:15] [DEBUG] Message sent: zrr
[2024-10-18 06:20:15] [DEBUG] Message sent: cuu
[2024-10-18 06:20:15] [DEBUG] Message sent: fxx
[2024-10-18 06:20:15] [DEBUG] Message sent: iaa
[2024-10-18 06:20:15] [DEBUG] Message sent: ldd
[2024-10-18 06:20:15] [DEBUG] Message sent: ogg
[2024-10-18 06:20:15] [DEBUG] Message sent: rjj
[2024-10-18 06:20:15] [DEBUG] Message sent: umm
[2024-10-18 06:20:15] [DEBUG] Message sent: xpp
[2024-10-18 06:20:15] [DEBUG] Message sent: ass
[2024-10-18 06:20:15] [DEBUG] Message sent: dvv
[2024-10-18 06:20:15] [DEBUG] Message sent: gyy
[2024-10-18 06:20:15] [DEBUG] Message sent: jbb
[2024-10-18 06:20:15] [DEBUG] Message sent: mee
[2024-10-18 06:20:15] [DEBUG] Message sent: phh
[2024-10-18 09:45:17] [INFO] Client socket created
[2024-10-18 09:45:17] [INFO] Connected to server
[2024-10-18 09:45:21] [INFO] Client login/register request sent
[2024-10-18 09:45:25] [DEBUG] Message sent: REGISTER:sd:vg
[2024-10-18 09:45:32] [INFO] Client socket created
[2024-10-18 09:45:32] [INFO] Connected to server
[2024-10-18 09:45:34] [INFO] Client login/register request sent
[2024-10-18 09:45:37] [DEBUG] Message sent: LOGIN:sd:vg
[2024-10-18 10:24:59] [INFO] Client socket created
[2024-10-18 10:24:59] [INFO] Connected to server
[2024-10-18 10:25:01] [INFO] Client login/register request sent
[2024-10-18 10:25:03] [DEBUG] Message sent: LOGIN:sd:vg
[2024-10-18 10:25:06] [DEBUG] Message sent: iggv
[2024-10-18 10:26:11] [INFO] Client socket created
[2024-10-18 10:26:11] [INFO] Connected to server
[2024-10-18 10:26:17] [INFO] Client login/register request sent
[2024-10-18 10:26:26] [DEBUG] Message sent: REGISTER:sss:456
[2024-10-18 10:26:29] [DEBUG] Message sent: vgfvg
[2024-10-18 10:26:45] [DEBUG] Message sent: jkmqjk
[2024-10-18 10:26:51] [DEBUG] Message sent: cafz
[2024-10-18 10:27:09] [DEBUG] Message sent: ztztzh
[2024-10-18 10:27:43] [INFO] Client socket created
[2024-10-18 10:27:43] [INFO] Connected to server
[2024-10-18 10:27:46] [INFO] Client login/register request sent
[2024-10-18 10:27:50] [DEBUG] Message sent: LOGIN:sss:456
[2024-10-18 10:27:55] [DEBUG] Message sent: vgivg
[2024-10-18 10:27:58] [DEBUG] Message sent: dvgdv
[2024-10-18 10:28:19] [DEBUG] Message sent: dvfvd
[2024-10-18 12:31:04] [INFO] Client socket created
[2024-10-18 12:31:04] [INFO] Connected to server
[2024-10-18 12:31:07] [INFO] Client login/register request sent
[2024-10-18 12:31:11] [DEBUG] Message sent: LOGIN:rrr:uuu
[2024-10-18 12:31:15] [DEBUG] Message sent: vgfvgf
[2024-10-18 12:32:52] [INFO] Client socket created
[2024-10-18 12:32:52] [INFO] Connected to server
[2024-10-18 12:32:56] [INFO] Client login/register request sent
[2024-10-18 12:33:04] [DEBUG] Message sent: REGISTER:45:vd
[2024-10-18 12:33:06] [DEBUG] Message sent: gvyfvg
[2024-10-18 12:33:19] [DEBUG] Message sent: fcafv
[2024-10-18 12:33:36] [DEBUG] Message sent: vivu
[2024-10-18 12:33:39] [DEBUG] Message sent: hvivgi
[2024-10-18 12:33:45] [INFO] Client socket created
[2024-10-18 12:33:45] [INFO] Connected to server
[2024-10-18 12:33:47] [INFO] Client login/register request sent
[2024-10-18 12:33:52] [DEBUG] Message sent: LOGIN:123:456
[2024-10-18 12:33:54] [DEBUG] Message sent: gvfigv
[2024-10-18 12:34:07] [INFO] Client socket created
[2024-10-18 12:34:07] [INFO] Connected to server
[2024-10-18 12:34:09] [INFO] Client login/register request sent
[2024-10-18 12:34:13] [DEBUG] Message sent: LOGIN:45:vd
[2024-10-18 12:34:14] [DEBUG] Message sent: gigyf
[2024-10-18 12:34:18] [DEBUG] Message sent: gijyvgi
[2024-10-18 12:35:05] [INFO] Client socket created
[2024-10-18 12:35:05] [INFO] Connected to server
[2024-10-18 12:35:07] [INFO] Client login/register request sent
[2024-10-18 12:35:10] [DEBUG] Message sent: REGISTER:dd:gg
[2024-10-18 12:35:11] [DEBUG] Message sent: vgfvg
[2024-10-18 12:37:53] [INFO] Client socket created
[2024-10-18 12:37:53] [INFO] Connected to server
[2024-10-18 12:37:54] [INFO] Client login/register request sent
[2024-10-18 12:38:01] [DEBUG] Message sent: REGISTER:raj:udm
[2024-10-18 12:38:10] [DEBUG] Message sent: hzgizhg
[2024-10-18 12:38:45] [DEBUG] Message sent: vgijgvm
[2024-10-18 12:38:54] [DEBUG] Message sent: kmvgigmn
[2024-10-18 12:47:47] [WARN] Connection closed or error
[2024-10-18 12:47:47] [INFO] Socket closed after receiving messages
[2024-10-18 12:47:47] [WARN] Connection closed or error
[2024-10-18 12:47:47] [INFO] Socket closed after receiving messages
[2024-10-18 12:47:47] [WARN] Connection closed or error
[2024-10-18 12:47:47] [INFO] Socket closed after receiving messages
[2024-10-18 15:45:42] [INFO] Client socket created
[2024-10-18 15:45:42] [INFO] Connected to server
[2024-10-18 15:57:46] [INFO] Client socket created
[2024-10-18 15:57:46] [INFO] Connected to server
[2024-10-18 15:58:01] [INFO] Client login/register request sent
[2024-10-18 15:58:07] [DEBUG] Message sent: REGISTER:res:uhv
[2024-10-18 15:58:10] [DEBUG] Message sent: gifvg
[2024-10-18 16:30:09] [INFO] Client socket created
[2024-10-18 16:30:09] [INFO] Connected to server
[2024-10-18 16:30:11] [INFO] Client login/register request sent
[2024-10-18 16:30:22] [DEBUG] Message sent: REGISTER:shaista::;9
[2024-10-18 16:30:38] [INFO] Client socket created
[2024-10-18 16:30:38] [INFO] Connected to server
[2024-10-18 16:30:40] [INFO] Client login/register request sent
[2024-10-18 16:30:46] [DEBUG] Message sent: LOGIN:shaista::;9
[2024-10-18 16:30:46] [WARN] Login/Registration failed
[2024-10-18 16:35:07] [INFO] Client socket created
[2024-10-18 16:35:07] [INFO] Connected to server
[2024-10-18 16:35:10] [INFO] Client login/register request sent
[2024-10-18 16:35:15] [DEBUG] Message sent: LOGIN:shaista::;9
[2024-10-18 16:46:08] [INFO] Client socket created
[2024-10-18 16:46:08] [INFO] Connected to server
[2024-10-18 16:46:11] [INFO] Client login/register request sent
[2024-10-18 16:46:16] [DEBUG] Message sent: LOGIN:shaista::;9
[2024-10-18 16:47:45] [INFO] Client socket created
[2024-10-18 16:47:45] [INFO] Connected to server
[2024-10-18 16:47:48] [INFO] Client login/register request sent
[2024-10-18 16:47:52] [DEBUG] Message sent: REGISTER:hi:khoor
[2024-10-18 16:47:56] [INFO] Client socket created
[2024-10-18 16:47:56] [INFO] Connected to server
[2024-10-18 16:47:58] [INFO] Client login/register request sent
[2024-10-18 16:48:02] [DEBUG] Message sent: LOGIN:hi:khoor
[2024-10-18 16:48:05] [DEBUG] Message sent: vgifgv
[2024-10-18 16:48:33] [DEBUG] Message sent: vgiygi
[2024-10-18 16:49:30] [INFO] Client socket created
[2024-10-18 16:49:30] [INFO] Connected to server
[2024-10-18 16:49:32] [INFO] Client login/register request sent
[2024-10-18 16:49:37] [DEBUG] Message sent: LOGIN:shaista::;9
[2024-10-18 16:49:50] [INFO] Client socket created
[2024-10-18 16:49:50] [INFO] Connected to server
[2024-10-18 16:49:53] [INFO] Client login/register request sent
[2024-10-18 16:50:01] [DEBUG] Message sent: REGISTER:sdd:gh
[2024-10-18 16:50:06] [INFO] Client socket created
[2024-10-18 16:50:06] [INFO] Connected to server
[2024-10-18 16:50:08] [INFO] Client login/register request sent
[2024-10-18 16:50:10] [DEBUG] Message sent: REGISTER:sdd:gh
[2024-10-18 16:50:18] [INFO] Client socket created
[2024-10-18 16:50:18] [INFO] Connected to server
[2024-10-18 16:50:20] [INFO] Client login/register request sent
[2024-10-18 16:50:24] [DEBUG] Message sent: LOGIN:sdd:gh
[2024-10-18 16:50:25] [DEBUG] Message sent: gyfg
[2024-10-18 16:51:13] [INFO] Client socket created
[2024-10-18 16:51:13] [INFO] Connected to server
[2024-10-18 16:51:16] [INFO] Client login/register request sent
[2024-10-18 16:51:22] [DEBUG] Message sent: REGISTER:ee:ll
[2024-10-18 16:51:26] [INFO] Client socket created
[2024-10-18 16:51:26] [INFO] Connected to server
[2024-10-18 16:51:28] [INFO] Client login/register request sent
[2024-10-18 16:51:33] [DEBUG] Message sent: LOGIN:ee:ll
[2024-10-18 16:51:34] [DEBUG] Message sent: gvifvg
[2024-10-18 16:51:44] [INFO] Client socket created
[2024-10-18 16:51:44] [INFO] Connected to server
[2024-10-18 16:51:55] [INFO] Client socket created
[2024-10-18 16:51:55] [INFO] Connected to server
[2024-10-18 16:51:59] [INFO] Client login/register request sent
[2024-10-18 16:52:03] [DEBUG] Message sent: LOGIN:hk:nmkn
[2024-10-18 16:52:29] [INFO] Client login/register request sent
[2024-10-18 16:52:38] [DEBUG] Message sent: LOGIN:ee:ll
[2024-10-18 16:52:40] [DEBUG] Message sent: vgif
[2024-10-18 16:52:50] [INFO] Client socket created
[2024-10-18 16:52:50] [INFO] Connected to server
[2024-10-18 16:59:51] [INFO] Client socket created
[2024-10-18 16:59:51] [INFO] Connected to server
[2024-10-18 16:59:56] [INFO] Client login/register request sent
[2024-10-18 17:00:05] [DEBUG] Message sent: REGISTER:lol:olh
[2024-10-18 17:00:09] [INFO] Client socket created
[2024-10-18 17:00:09] [INFO] Connected to server
[2024-10-18 17:00:10] [INFO] Client login/register request sent
[2024-10-18 17:00:15] [DEBUG] Message sent: LOGIN:lol:olh
[2024-10-18 17:00:26] [DEBUG] Message sent: vgivi
[2024-10-18 17:00:29] [DEBUG] Message sent: nknmmk
[2024-10-18 17:00:45] [INFO] Client socket created
[2024-10-18 17:00:45] [INFO] Connected to server
[2024-10-18 17:00:48] [INFO] Client login/register request sent
[2024-10-18 17:00:50] [DEBUG] Message sent: LOGIN:ee:ll
[2024-10-18 17:00:52] [DEBUG] Message sent: gfgy
[2024-10-18 17:01:02] [DEBUG] Message sent: oijkij
[2024-10-18 17:06:24] [INFO] Client socket created
[2024-10-18 17:06:24] [INFO] Connected to server
[2024-10-18 17:06:26] [INFO] Client login/register request sent
[2024-10-18 17:06:30] [DEBUG] Message sent: LOGIN:djsdf:ivg
[2024-10-20 06:04:21] [INFO] Client socket created
[2024-10-20 06:04:21] [INFO] Connected to server
[2024-10-20 06:04:24] [INFO] Client login/register request sent
[2024-10-20 06:04:29] [DEBUG] Message sent: REGISTER:gii:jll
[2024-10-20 06:09:40] [INFO] Client socket created
[2024-10-20 06:09:40] [INFO] Connected to server
[2024-10-20 06:09:44] [INFO] Client login/register request sent
[2024-10-20 06:09:48] [DEBUG] Message sent: LOGIN:gii:jll
[2024-10-20 06:09:50] [DEBUG] Message sent: gijygipy
[2024-10-20 06:09:52] [DEBUG] Message sent: gijeij
[2024-10-20 06:10:03] [DEBUG] Message sent: mnmklkkl
[2024-10-20 10:58:33] [INFO] Client socket created
[2024-10-20 10:58:33] [INFO] Connected to server
[2024-10-20 10:58:41] [INFO] Client login/register request sent
[2024-10-20 10:58:44] [DEBUG] Message sent: LOGIN:gii:jll
[2024-10-20 10:58:48] [DEBUG] Message sent: givk
[2024-10-20 10:58:51] [DEBUG] Message sent: jeji
[2024-10-20 11:11:58] [INFO] Client socket created
[2024-10-20 11:11:58] [INFO] Connected to server
[2024-10-20 11:12:00] [INFO] Client login/register request sent
[2024-10-20 11:12:03] [DEBUG] Message sent: LOGIN:rrr:uuu
[2024-10-20 11:12:05] [DEBUG] Message sent: gygy
[2024-10-20 11:12:09] [DEBUG] Message sent: nmknm
[2024-10-20 11:21:50] [INFO] Client socket created
[2024-10-20 11:21:50] [INFO] Connected to server
[2024-10-20 11:21:51] [INFO] Client login/register request sent
[2024-10-20 11:21:57] [DEBUG] Message sent: LOGIN:gii:jll
[2024-10-20 11:21:59] [DEBUG] Message sent: vgiv
[2024-10-20 11:22:09] [INFO] Client socket created
[2024-10-20 11:22:09] [INFO] Connected to server
[2024-10-20 11:22:11] [INFO] Client login/register request sent
[2024-10-20 11:22:14] [DEBUG] Message sent: LOGIN:rrr:uuu
[2024-10-20 11:22:16] [DEBUG] Message sent: afaf
[2024-10-20 11:22:19] [DEBUG] Message sent: afa
[2024-10-20 11:22:32] [INFO] Client socket created
[2024-10-20 11:22:32] [INFO] Connected to server
[2024-10-20 11:22:34] [INFO] Client login/register request sent
[2024-10-20 11:22:42] [DEBUG] Message sent: REGISTER:shaoo:vkdrr
[2024-10-20 11:23:06] [INFO] Client socket created
[2024-10-20 11:23:06] [INFO] Connected to server
[2024-10-20 11:23:08] [INFO] Client login/register request sent
[2024-10-20 11:23:13] [DEBUG] Message sent: LOGIN:shaoo:vkdrr
[2024-10-20 11:23:13] [WARN] Login/Registration failed
[2024-10-20 11:26:31] [INFO] Client socket created
[2024-10-20 11:26:31] [INFO] Connected to server
[2024-10-20 11:26:34] [INFO] Client login/register request sent
[2024-10-20 11:26:39] [DEBUG] Message sent: REGISTER:oo:rr
[2024-10-20 11:26:43] [INFO] Client socket created
[2024-10-20 11:26:43] [INFO] Connected to server
[2024-10-20 11:26:45] [INFO] Client login/register request sent
[2024-10-20 11:26:50] [DEBUG] Message sent: LOGIN:oo:rr
[2024-10-20 11:26:52] [DEBUG] Message sent: gig
[2024-10-20 11:27:01] [INFO] Client socket created
[2024-10-20 11:27:01] [INFO] Connected to server
[2024-10-20 11:27:02] [INFO] Client login/register request sent
[2024-10-20 11:27:05] [DEBUG] Message sent: REGISTER:yy:bb
[2024-10-20 11:27:09] [INFO] Client socket created
[2024-10-20 11:27:09] [INFO] Connected to server
[2024-10-20 11:27:10] [INFO] Client login/register request sent
[2024-10-20 11:27:13] [DEBUG] Message sent: LOGIN:yy:bb
[2024-10-20 11:27:15] [DEBUG] Message sent: vgivg
[2024-10-20 11:27:20] [DEBUG] Message sent: mknn
[2024-10-20 11:27:26] [INFO] Client socket created
[2024-10-20 11:27:26] [INFO] Connected to server
[2024-10-20 11:27:35] [FATAL] Invalid input for login/register choice
[2024-10-20 11:27:40] [INFO] Client socket created
[2024-10-20 11:27:40] [INFO] Connected to server
[2024-10-20 11:27:42] [INFO] Client login/register request sent
[2024-10-20 11:27:45] [DEBUG] Message sent: LOGIN:rrr:uuu
[2024-10-20 11:27:47] [DEBUG] Message sent: giygin
[2024-10-20 11:27:49] [DEBUG] Message sent: jgi
[2024-10-20 11:27:58] [INFO] Client socket created
[2024-10-20 11:27:58] [INFO] Connected to server
[2024-10-20 11:28:29] [INFO] Client login/register request sent
[2024-10-20 11:28:34] [DEBUG] Message sent: REGISTER:ere:huh
[2024-10-20 11:28:38] [INFO] Client socket created
[2024-10-20 11:28:38] [INFO] Connected to server
[2024-10-20 11:28:40] [INFO] Client login/register request sent
[2024-10-20 11:28:44] [DEBUG] Message sent: LOGIN:ere:huh
[2024-10-20 11:28:46] [DEBUG] Message sent: igyqnmkn
[2024-10-20 11:29:00] [INFO] Client socket created
[2024-10-20 11:29:00] [INFO] Connected to server
[2024-10-20 11:29:01] [INFO] Client login/register request sent
[2024-10-20 11:29:05] [DEBUG] Message sent: LOGIN:jhfgg:qyq
[2024-10-20 11:29:05] [WARN] Login/Registration failed
[2024-10-20 11:30:24] [INFO] Client socket created
[2024-10-20 11:30:24] [INFO] Connected to server
[2024-10-20 11:30:29] [INFO] Client login/register request sent
[2024-10-20 11:30:33] [DEBUG] Message sent: REGISTER:fdd:igg
[2024-10-20 11:30:38] [INFO] Client socket created
[2024-10-20 11:30:38] [INFO] Connected to server
[2024-10-20 11:30:39] [INFO] Client login/register request sent
[2024-10-20 11:30:43] [DEBUG] Message sent: LOGIN:fdd:igg
[2024-10-20 11:30:45] [DEBUG] Message sent: mkjmkem
[2024-10-20 11:30:56] [INFO] Client socket created
[2024-10-20 11:30:56] [INFO] Connected to server
[2024-10-20 11:30:58] [INFO] Client login/register request sent
[2024-10-20 11:31:03] [DEBUG] Message sent: LOGIN:rrr:uuu
[2024-10-20 11:31:05] [DEBUG] Message sent: giygi
[2024-10-20 11:31:34] [DEBUG] Message sent: nmn
[2024-10-20 11:33:51] [INFO] Client socket created
[2024-10-20 11:33:51] [INFO] Connected to server
[2024-10-20 11:33:53] [INFO] Client login/register request sent
[2024-10-20 11:34:11] [DEBUG] Message sent: LOGIN:sm:vp
[2024-10-20 11:34:16] [DEBUG] Message sent: ijig
