[2024-10-18 08:00:44] [INFO] Client socket created
[2024-10-18 08:00:44] [INFO] Connected to server
[2024-10-18 08:00:46] [INFO] Client login/register request sent
[2024-10-18 08:00:52] [DEBUG] Message sent: LOGIN:rrr:uuu
[2024-10-18 08:01:11] [INFO] Client socket created
[2024-10-18 08:01:11] [INFO] Connected to server
[2024-10-18 08:01:12] [INFO] Client login/register request sent
[2024-10-18 08:01:18] [DEBUG] Message sent: REGISTER:321:654
[2024-10-18 08:01:20] [DEBUG] Message sent: gvgm
[2024-10-18 08:01:25] [DEBUG] Message sent: gv
[2024-10-18 08:01:34] [INFO] Client socket created
[2024-10-18 08:01:34] [INFO] Connected to server
[2024-10-18 08:01:36] [INFO] Client login/register request sent
[2024-10-18 08:01:40] [DEBUG] Message sent: LOGIN:321:654
[2024-10-18 09:29:54] [INFO] Client socket created
[2024-10-18 09:29:54] [INFO] Connected to server
[2024-10-18 09:30:00] [INFO] Client login/register request sent
[2024-10-18 09:30:09] [DEBUG] Message sent: REGISTER:fg1:ij4
[2024-10-18 09:30:12] [DEBUG] Message sent: vgif
[2024-10-18 09:30:16] [INFO] Client socket created
[2024-10-18 09:30:16] [INFO] Connected to server
[2024-10-18 09:30:18] [INFO] Client login/register request sent
[2024-10-18 09:30:23] [DEBUG] Message sent: LOGIN:fg1:ij4
[2024-10-18 09:38:17] [INFO] Client socket created
[2024-10-18 09:38:17] [INFO] Connected to server
[2024-10-18 09:38:24] [INFO] Client login/register request sent
[2024-10-18 09:38:29] [DEBUG] Message sent: LOGIN:fg1:ij4
[2024-10-18 10:21:04] [INFO] Client socket created
[2024-10-18 10:21:04] [INFO] Connected to server
[2024-10-18 10:21:07] [INFO] Client login/register request sent
[2024-10-18 10:21:09] [DEBUG] Message sent: LOGIN:sd:vg
